[INFO] Scanning for projects...
[INFO] 
[INFO] ------------------------< com.bixan:revest-api >------------------------
[INFO] Building revest 0.9
[INFO] --------------------------------[ jar ]---------------------------------
[INFO] 
[INFO] >>> spring-boot-maven-plugin:2.7.5:run (default-cli) > test-compile @ revest-api >>>
[INFO] 
[INFO] --- maven-resources-plugin:3.2.0:resources (default-resources) @ revest-api ---
[INFO] Using 'UTF-8' encoding to copy filtered resources.
[INFO] Using 'UTF-8' encoding to copy filtered properties files.
[INFO] Copying 6 resources
[INFO] Copying 12 resources
[INFO] 
[INFO] --- maven-compiler-plugin:3.12.1:compile (default-compile) @ revest-api ---
[INFO] Nothing to compile - all classes are up to date.
[INFO] 
[INFO] --- maven-resources-plugin:3.2.0:testResources (default-testResources) @ revest-api ---
[INFO] Using 'UTF-8' encoding to copy filtered resources.
[INFO] Using 'UTF-8' encoding to copy filtered properties files.
[INFO] Copying 1 resource
[INFO] 
[INFO] --- maven-compiler-plugin:3.12.1:testCompile (default-testCompile) @ revest-api ---
[INFO] Nothing to compile - all classes are up to date.
[INFO] 
[INFO] <<< spring-boot-maven-plugin:2.7.5:run (default-cli) < test-compile @ revest-api <<<
[INFO] 
[INFO] 
[INFO] --- spring-boot-maven-plugin:2.7.5:run (default-cli) @ revest-api ---
[INFO] Attaching agents: []

  .   ____          _            __ _ _
 /\\ / ___'_ __ _ _(_)_ __  __ _ \ \ \ \
( ( )\___ | '_ | '_| | '_ \/ _` | \ \ \ \
 \\/  ___)| |_)| | | | | || (_| |  ) ) ) )
  '  |____| .__|_| |_|_| |_\__, | / / / /
 =========|_|==============|___/=/_/_/_/
 :: Spring Boot ::                (v2.7.5)

